生成启动时间为 2018/5/17 19:18:48。
     1>项目“E:\GitHub\THINKING\THINKING\THINKING.vcxproj”在节点 2 上(rebuild 个目标)。
     1>PrepareForBuild:
         正在创建目录“E:\GitHub\THINKING\Debug\”。
       InitializeBuildStatus:
         正在创建“Debug\THINKING.unsuccessfulbuild”，因为已指定“AlwaysCreate”。
       ClCompile:
         C:\Program Files (x86)\Microsoft Visual Studio 10.0\VC\bin\CL.exe /c /ZI /nologo /W3 /WX- /Od /Oy- /D WIN32 /D _DEBUG /D _CONSOLE /D _UNICODE /D UNICODE /Gm /EHsc /RTC1 /MDd /GS /fp:precise /Zc:wchar_t /Zc:forScope /Fo"Debug\\" /Fd"Debug\vc100.pdb" /Gd /TP /analyze- /errorReport:prompt Main.cpp
         Main.cpp
       ManifestResourceCompile:
         C:\Program Files (x86)\Microsoft SDKs\Windows\v7.0A\bin\rc.exe /nologo /fo"Debug\THINKING.exe.embed.manifest.res" Debug\THINKING_manifest.rc 
       Link:
         C:\Program Files (x86)\Microsoft Visual Studio 10.0\VC\bin\link.exe /ERRORREPORT:PROMPT /OUT:"E:\GitHub\THINKING\Debug\THINKING.exe" /INCREMENTAL /NOLOGO kernel32.lib user32.lib gdi32.lib winspool.lib comdlg32.lib advapi32.lib shell32.lib ole32.lib oleaut32.lib uuid.lib odbc32.lib odbccp32.lib /MANIFEST /ManifestFile:"Debug\THINKING.exe.intermediate.manifest" /MANIFESTUAC:"level='asInvoker' uiAccess='false'" /DEBUG /PDB:"E:\GitHub\THINKING\Debug\THINKING.pdb" /SUBSYSTEM:CONSOLE /TLBID:1 /DYNAMICBASE /NXCOMPAT /IMPLIB:"E:\GitHub\THINKING\Debug\THINKING.lib" /MACHINE:X86 Debug\THINKING.exe.embed.manifest.res
         Debug\Main.obj
       Manifest:
         正在删除文件“Debug\THINKING.exe.embed.manifest”。
         C:\Program Files (x86)\Microsoft SDKs\Windows\v7.0A\bin\mt.exe /nologo /verbose /out:"Debug\THINKING.exe.embed.manifest" /manifest Debug\THINKING.exe.intermediate.manifest
         C:\Program Files (x86)\Microsoft SDKs\Windows\v7.0A\bin\rc.exe /nologo /fo"Debug\THINKING.exe.embed.manifest.res" Debug\THINKING_manifest.rc 
       LinkEmbedManifest:
         C:\Program Files (x86)\Microsoft Visual Studio 10.0\VC\bin\link.exe /ERRORREPORT:PROMPT /OUT:"E:\GitHub\THINKING\Debug\THINKING.exe" /INCREMENTAL /NOLOGO kernel32.lib user32.lib gdi32.lib winspool.lib comdlg32.lib advapi32.lib shell32.lib ole32.lib oleaut32.lib uuid.lib odbc32.lib odbccp32.lib /MANIFEST /ManifestFile:"Debug\THINKING.exe.intermediate.manifest" /MANIFESTUAC:"level='asInvoker' uiAccess='false'" /DEBUG /PDB:"E:\GitHub\THINKING\Debug\THINKING.pdb" /SUBSYSTEM:CONSOLE /TLBID:1 /DYNAMICBASE /NXCOMPAT /IMPLIB:"E:\GitHub\THINKING\Debug\THINKING.lib" /MACHINE:X86 Debug\THINKING.exe.embed.manifest.res
         Debug\Main.obj
         THINKING.vcxproj -> E:\GitHub\THINKING\Debug\THINKING.exe
       FinalizeBuildStatus:
         正在删除文件“Debug\THINKING.unsuccessfulbuild”。
         正在对“Debug\THINKING.lastbuildstate”执行 Touch 任务。
     1>已完成生成项目“E:\GitHub\THINKING\THINKING\THINKING.vcxproj”(rebuild 个目标)的操作。

生成成功。

已用时间 00:00:02.03
